<?xml version="1.0" encoding="UTF-8" ?>
<testsuites>
 <testsuite name="Login functionality" timestamp="2020-02-18T17:35:11" hostname="localhost" time="6.904" errors="0" tests="1" skipped="0" failures="0">
  <testcase classname="Login functionality" name="login to orange CRM" time="6.904">
  </testcase>
 </testsuite>
</testsuites>